мар. 07, 2023 12:51:10 PM seminar_02.task_1 bubbleSort
INFO: [10, 3, 10, 7, 2, 10, 1, 5, 3, 9]
pos(0) => pos(1)   :   10 => 3

мар. 07, 2023 12:51:10 PM seminar_02.task_1 bubbleSort
INFO: [3, 10, 10, 7, 2, 10, 1, 5, 3, 9]
Нет перестановок

мар. 07, 2023 12:51:10 PM seminar_02.task_1 bubbleSort
INFO: [3, 10, 10, 7, 2, 10, 1, 5, 3, 9]
pos(2) => pos(3)   :   10 => 7

мар. 07, 2023 12:51:10 PM seminar_02.task_1 bubbleSort
INFO: [3, 10, 7, 10, 2, 10, 1, 5, 3, 9]
pos(3) => pos(4)   :   10 => 2

мар. 07, 2023 12:51:10 PM seminar_02.task_1 bubbleSort
INFO: [3, 10, 7, 2, 10, 10, 1, 5, 3, 9]
Нет перестановок

мар. 07, 2023 12:51:10 PM seminar_02.task_1 bubbleSort
INFO: [3, 10, 7, 2, 10, 10, 1, 5, 3, 9]
pos(5) => pos(6)   :   10 => 1

мар. 07, 2023 12:51:10 PM seminar_02.task_1 bubbleSort
INFO: [3, 10, 7, 2, 10, 1, 10, 5, 3, 9]
pos(6) => pos(7)   :   10 => 5

мар. 07, 2023 12:51:11 PM seminar_02.task_1 bubbleSort
INFO: [3, 10, 7, 2, 10, 1, 5, 10, 3, 9]
pos(7) => pos(8)   :   10 => 3

мар. 07, 2023 12:51:11 PM seminar_02.task_1 bubbleSort
INFO: [3, 10, 7, 2, 10, 1, 5, 3, 10, 9]
pos(8) => pos(9)   :   10 => 9

мар. 07, 2023 12:51:11 PM seminar_02.task_1 bubbleSort
INFO: [3, 10, 7, 2, 10, 1, 5, 3, 9, 10]
Нет перестановок

мар. 07, 2023 12:51:11 PM seminar_02.task_1 bubbleSort
INFO: [3, 10, 7, 2, 10, 1, 5, 3, 9, 10]
pos(1) => pos(2)   :   10 => 7

мар. 07, 2023 12:51:11 PM seminar_02.task_1 bubbleSort
INFO: [3, 7, 10, 2, 10, 1, 5, 3, 9, 10]
pos(2) => pos(3)   :   10 => 2

мар. 07, 2023 12:51:11 PM seminar_02.task_1 bubbleSort
INFO: [3, 7, 2, 10, 10, 1, 5, 3, 9, 10]
Нет перестановок

мар. 07, 2023 12:51:11 PM seminar_02.task_1 bubbleSort
INFO: [3, 7, 2, 10, 10, 1, 5, 3, 9, 10]
pos(4) => pos(5)   :   10 => 1

мар. 07, 2023 12:51:11 PM seminar_02.task_1 bubbleSort
INFO: [3, 7, 2, 10, 1, 10, 5, 3, 9, 10]
pos(5) => pos(6)   :   10 => 5

мар. 07, 2023 12:51:11 PM seminar_02.task_1 bubbleSort
INFO: [3, 7, 2, 10, 1, 5, 10, 3, 9, 10]
pos(6) => pos(7)   :   10 => 3

мар. 07, 2023 12:51:11 PM seminar_02.task_1 bubbleSort
INFO: [3, 7, 2, 10, 1, 5, 3, 10, 9, 10]
pos(7) => pos(8)   :   10 => 9

мар. 07, 2023 12:51:11 PM seminar_02.task_1 bubbleSort
INFO: [3, 7, 2, 10, 1, 5, 3, 9, 10, 10]
Нет перестановок

мар. 07, 2023 12:51:11 PM seminar_02.task_1 bubbleSort
INFO: [3, 7, 2, 10, 1, 5, 3, 9, 10, 10]
pos(1) => pos(2)   :   7 => 2

мар. 07, 2023 12:51:11 PM seminar_02.task_1 bubbleSort
INFO: [3, 2, 7, 10, 1, 5, 3, 9, 10, 10]
Нет перестановок

мар. 07, 2023 12:51:11 PM seminar_02.task_1 bubbleSort
INFO: [3, 2, 7, 10, 1, 5, 3, 9, 10, 10]
pos(3) => pos(4)   :   10 => 1

мар. 07, 2023 12:51:11 PM seminar_02.task_1 bubbleSort
INFO: [3, 2, 7, 1, 10, 5, 3, 9, 10, 10]
pos(4) => pos(5)   :   10 => 5

мар. 07, 2023 12:51:11 PM seminar_02.task_1 bubbleSort
INFO: [3, 2, 7, 1, 5, 10, 3, 9, 10, 10]
pos(5) => pos(6)   :   10 => 3

мар. 07, 2023 12:51:11 PM seminar_02.task_1 bubbleSort
INFO: [3, 2, 7, 1, 5, 3, 10, 9, 10, 10]
pos(6) => pos(7)   :   10 => 9

мар. 07, 2023 12:51:11 PM seminar_02.task_1 bubbleSort
INFO: [3, 2, 7, 1, 5, 3, 9, 10, 10, 10]
pos(0) => pos(1)   :   3 => 2

мар. 07, 2023 12:51:11 PM seminar_02.task_1 bubbleSort
INFO: [2, 3, 7, 1, 5, 3, 9, 10, 10, 10]
Нет перестановок

мар. 07, 2023 12:51:11 PM seminar_02.task_1 bubbleSort
INFO: [2, 3, 7, 1, 5, 3, 9, 10, 10, 10]
pos(2) => pos(3)   :   7 => 1

мар. 07, 2023 12:51:11 PM seminar_02.task_1 bubbleSort
INFO: [2, 3, 1, 7, 5, 3, 9, 10, 10, 10]
pos(3) => pos(4)   :   7 => 5

мар. 07, 2023 12:51:11 PM seminar_02.task_1 bubbleSort
INFO: [2, 3, 1, 5, 7, 3, 9, 10, 10, 10]
pos(4) => pos(5)   :   7 => 3

мар. 07, 2023 12:51:11 PM seminar_02.task_1 bubbleSort
INFO: [2, 3, 1, 5, 3, 7, 9, 10, 10, 10]
Нет перестановок

мар. 07, 2023 12:51:11 PM seminar_02.task_1 bubbleSort
INFO: [2, 3, 1, 5, 3, 7, 9, 10, 10, 10]
Нет перестановок

мар. 07, 2023 12:51:11 PM seminar_02.task_1 bubbleSort
INFO: [2, 3, 1, 5, 3, 7, 9, 10, 10, 10]
pos(1) => pos(2)   :   3 => 1

мар. 07, 2023 12:51:11 PM seminar_02.task_1 bubbleSort
INFO: [2, 1, 3, 5, 3, 7, 9, 10, 10, 10]
Нет перестановок

мар. 07, 2023 12:51:11 PM seminar_02.task_1 bubbleSort
INFO: [2, 1, 3, 5, 3, 7, 9, 10, 10, 10]
pos(3) => pos(4)   :   5 => 3

мар. 07, 2023 12:51:11 PM seminar_02.task_1 bubbleSort
INFO: [2, 1, 3, 3, 5, 7, 9, 10, 10, 10]
Нет перестановок

мар. 07, 2023 12:51:11 PM seminar_02.task_1 bubbleSort
INFO: [2, 1, 3, 3, 5, 7, 9, 10, 10, 10]
pos(0) => pos(1)   :   2 => 1

мар. 07, 2023 12:51:11 PM seminar_02.task_1 bubbleSort
INFO: [1, 2, 3, 3, 5, 7, 9, 10, 10, 10]
Нет перестановок

мар. 07, 2023 12:51:11 PM seminar_02.task_1 bubbleSort
INFO: [1, 2, 3, 3, 5, 7, 9, 10, 10, 10]
Нет перестановок

мар. 07, 2023 12:51:11 PM seminar_02.task_1 bubbleSort
INFO: [1, 2, 3, 3, 5, 7, 9, 10, 10, 10]
Нет перестановок

мар. 07, 2023 12:51:11 PM seminar_02.task_1 bubbleSort
INFO: [1, 2, 3, 3, 5, 7, 9, 10, 10, 10]
Нет перестановок

мар. 07, 2023 12:51:11 PM seminar_02.task_1 bubbleSort
INFO: [1, 2, 3, 3, 5, 7, 9, 10, 10, 10]
Нет перестановок

мар. 07, 2023 12:51:11 PM seminar_02.task_1 bubbleSort
INFO: [1, 2, 3, 3, 5, 7, 9, 10, 10, 10]
Нет перестановок

мар. 07, 2023 12:51:11 PM seminar_02.task_1 bubbleSort
INFO: [1, 2, 3, 3, 5, 7, 9, 10, 10, 10]
Нет перестановок

мар. 07, 2023 12:51:11 PM seminar_02.task_1 bubbleSort
INFO: [1, 2, 3, 3, 5, 7, 9, 10, 10, 10]
Нет перестановок

мар. 07, 2023 12:51:11 PM seminar_02.task_1 bubbleSort
INFO: [1, 2, 3, 3, 5, 7, 9, 10, 10, 10]
Нет перестановок

